{"level":"error","message":"type: BDD, entity: User, op: 0, message: User not found ({ id: -1 })"}
{"level":"error","message":"type: BDD, entity: User, op: 0, message: User not found ({ id: -1 })"}
{"level":"error","message":"type: BDD, entity: User, op: 1, message: UniqueConstraintViolationException: insert into `user` (`email`, `password`, `role`, `username`) values ('aa@aa.com', '!pass', 'viewer', 'alb') - Duplicate entry 'alb' for key 'user.user_username_unique'"}
{"level":"error","message":"type: BDD, entity: User, op: 1, message: UniqueConstraintViolationException: insert into `user` (`email`, `password`, `role`, `username`) values ('aa@aa.com', '!pass', 'viewer', 'alb') - Duplicate entry 'alb' for key 'user.user_username_unique'"}
{"level":"error","message":"type: BDD, entity: User, op: 0, message: User not found ({ id: null })"}
{"level":"error","message":"type: BDD, entity: User, op: 0, message: User not found ({ id: -1 })"}
{"level":"error","message":"type: BDD, entity: User, op: 0, message: User not found ({ email: null })"}
{"level":"error","message":"type: BDD, entity: User, op: 0, message: User not found ({ id: -1 })"}
{"level":"error","message":"type: BDD, entity: User, op: 0, message: User not found ({ id: -1 })"}
{"level":"error","message":"type: BDD, entity: User, op: 0, message: User not found ({ id: -1 })"}
{"level":"error","message":"type: BDD, entity: User, op: 0, message: User not found ({ id: -1 })"}
{"level":"error","message":"type: BDD, entity: User, op: 0, message: User not found ({ id: -1 })"}
{"level":"error","message":"type: BDD, entity: User, op: 0, message: User not found ({ id: -1 })"}
{"level":"error","message":"type: BDD, entity: User, op: 1, message: UniqueConstraintViolationException: insert into `user` (`email`, `password`, `role`, `username`) values ('aa@aa.com', '!pass', 'viewer', 'alb') - Duplicate entry 'alb' for key 'user.user_username_unique'"}
{"level":"error","message":"type: BDD, entity: User, op: 1, message: TypeError: Cannot read properties of null (reading 'email')"}
{"level":"error","message":"type: BDD, entity: User, op: 0, message: User not found ({ id: null })"}
{"level":"error","message":"type: BDD, entity: User, op: 0, message: User not found ({ id: -1 })"}
{"level":"error","message":"type: BDD, entity: User, op: 0, message: User not found ({ email: null })"}
{"level":"error","message":"type: BDD, entity: User, op: 1, message: TypeError: Cannot read properties of null (reading 'email')"}
{"level":"error","message":"type: BDD, entity: User, op: 0, message: User not found ({ id: -1 })"}
{"level":"error","message":"type: BDD, entity: User, op: 1, message: TypeError: Cannot read properties of null (reading 'email')"}
{"level":"error","message":"type: BDD, entity: User, op: 0, message: User not found ({ id: -1 })"}
{"level":"error","message":"type: BDD, entity: User, op: 1, message: Using global EntityManager instance methods for context specific actions is disallowed. If you need to work with the global instance's identity map, use `allowGlobalContext` configuration option or `fork()` instead."}
{"level":"error","message":"type: BDD, entity: User, op: 1, message: TypeError: Cannot read properties of null (reading 'email')"}
{"level":"error","message":"type: BDD, entity: User, op: 0, message: User not found ({ id: -1 })"}
{"level":"error","message":"type: BDD, entity: User, op: 1, message: TypeError: Cannot read properties of null (reading 'email')"}
{"level":"error","message":"type: BDD, entity: User, op: 0, message: User not found ({ id: -1 })"}
{"level":"error","message":"type: BDD, entity: Game, op: 1, message: Value for Game.eventIntervalUnity is required, 'undefined' found\nentity: Game {\n  eventIntervalUnity: undefined,\n  eliminationDelayUnity: undefined,\n  maxPlayers: 2,\n  owner: User {\n    role: 'viewer',\n    email: 'aa@aa',\n    username: 'hello',\n    password: '!@pass',\n    id: 23\n  },\n  code: '#15448',\n  eventIntervalQty: 100,\n  eliminationDelayQty: 100\n}"}
{"level":"error","message":"type: BDD, entity: Game, op: 1, message: Value for Game.eventIntervalUnity is required, 'undefined' found\nentity: Game {\n  eventIntervalUnity: undefined,\n  eliminationDelayUnity: undefined,\n  maxPlayers: 2,\n  owner: User {\n    role: 'viewer',\n    email: 'aa@aa',\n    username: 'hello',\n    password: '!@pass',\n    id: 24\n  },\n  code: '#15448',\n  eventIntervalQty: 100,\n  eliminationDelayQty: 100\n}"}
{"level":"error","message":"type: BDD, entity: Game, op: Create, message: Value for Game.eventIntervalUnity is required, 'undefined' found\nentity: Game {\n  eventIntervalUnity: undefined,\n  eliminationDelayUnity: undefined,\n  maxPlayers: 2,\n  owner: User {\n    role: 'viewer',\n    email: 'aa@aa',\n    username: 'hello',\n    password: '!@pass',\n    id: 25\n  },\n  code: '#15448',\n  eventIntervalQty: 100,\n  eliminationDelayQty: 100\n}"}
{"level":"error","message":"type: BDD, entity: Game, op: Create, message: Value for Game.eventIntervalUnity is required, 'undefined' found\nentity: Game {\n  eventIntervalUnity: undefined,\n  eliminationDelayUnity: undefined,\n  maxPlayers: 2,\n  owner: User {\n    role: 'viewer',\n    email: 'aa@aa',\n    username: 'hello',\n    password: '!@pass',\n    id: 26\n  },\n  code: '#15448',\n  eventIntervalQty: 100,\n  eliminationDelayQty: 100\n}"}
{"level":"error","message":"type: BDD, entity: Player, op: Create, message: Value for Player.gender is required, 'undefined' found\nentity: Player {\n  jackpot: 10000,\n  avatar: '',\n  isReady: false,\n  isBuzzed: false,\n  canBuzz: true,\n  canBeBuzzed: true,\n  isNominated: false,\n  isEliminated: false,\n  secretDiscovered: false,\n  name: 'George',\n  secret: \"J'aime les pates\",\n  user: User {\n    role: 'viewer',\n    email: 'aa@aa',\n    username: 'hello',\n    password: '!@pass',\n    id: 27\n  },\n  game: Game {\n    eventIntervalUnity: 'h',\n    eliminationDelayUnity: 'h',\n    maxPlayers: 2,\n    owner: User {\n      role: 'viewer',\n      email: 'aa@aa',\n      username: 'hello',\n      password: '!@pass',\n      id: 27\n    },\n    code: '#15448',\n    eventIntervalQty: 100,\n    eliminationDelayQty: 100,\n    id: 1\n  },\n  gender: undefined\n}"}
{"level":"error","message":"type: BDD, entity: Player, op: Create, message: TypeError: Cannot read properties of null (reading 'name')"}
{"level":"error","message":"type: BDD, entity: Player, op: Find, message: Player not found ({ id: null })"}
{"level":"error","message":"type: BDD, entity: Player, op: Find, message: Player not found ({ id: -1 })"}
{"level":"error","message":"type: BDD, entity: Player, op: Find, message: Player not found ({ user: 27, game: { endDate: { '$eq': null } } })"}
{"level":"error","message":"type: BDD, entity: Player, op: Update, message: Player not found ({ id: null })"}
{"level":"error","message":"type: BDD, entity: User, op: Delete, message: ForeignKeyConstraintViolationException: delete from `user` where `id` = 27 - Cannot delete or update a parent row: a foreign key constraint fails (`secrethouse-test`.`game`, CONSTRAINT `game_owner_id_foreign` FOREIGN KEY (`owner_id`) REFERENCES `user` (`id`) ON UPDATE CASCADE)"}
{"level":"error","message":"type: BDD, entity: Player, op: Create, message: TypeError: Cannot read properties of null (reading 'name')"}
{"level":"error","message":"type: BDD, entity: Player, op: Find, message: Player not found ({ id: -1 })"}
{"level":"error","message":"type: BDD, entity: User, op: Delete, message: ForeignKeyConstraintViolationException: delete from `user` where `id` = 1 - Cannot delete or update a parent row: a foreign key constraint fails (`secrethouse-test`.`game`, CONSTRAINT `game_owner_id_foreign` FOREIGN KEY (`owner_id`) REFERENCES `user` (`id`) ON UPDATE CASCADE)"}
{"level":"error","message":"type: BDD, entity: Player, op: Create, message: TypeError: Cannot read properties of null (reading 'name')"}
{"level":"error","message":"type: BDD, entity: Player, op: Find, message: Player not found ({ id: -1 })"}
{"level":"error","message":"type: BDD, entity: User, op: Create, message: TypeError: Cannot read properties of null (reading 'email')"}
{"level":"error","message":"type: BDD, entity: User, op: Find, message: User not found ({ id: -1 })"}
{"level":"error","message":"type: BDD, entity: Game, op: Create, message: TypeError: Cannot read properties of null (reading 'maxPlayers')"}
{"level":"error","message":"type: BDD, entity: Game, op: Find, message: Game not found ({ id: -1 })"}
{"level":"error","message":"type: BDD, entity: Event, op: Find, message: Event not found ({ id: -1 })"}
{"level":"error","message":"type: BDD, entity: Event, op: Find, message: Event not found ({ id: 4 })"}
{"level":"error","message":"type: BDD, entity: Event, op: Update, message: Error: Not Found"}
{"level":"error","message":"type: BDD, entity: Game, op: Delete, message: ForeignKeyConstraintViolationException: delete from `game` where `id` = 4 - Cannot delete or update a parent row: a foreign key constraint fails (`secrethouse-test`.`event`, CONSTRAINT `event_game_id_foreign` FOREIGN KEY (`game_id`) REFERENCES `game` (`id`) ON UPDATE CASCADE)"}
{"level":"error","message":"type: BDD, entity: Event, op: Create, message: TypeError: Cannot read properties of null (reading 'content')"}
{"level":"error","message":"type: BDD, entity: Event, op: Find, message: Event not found ({ id: -1 })"}
{"level":"error","message":"type: BDD, entity: Event, op: Find, message: Event not found ({ id: 5 })"}
{"level":"error","message":"type: BDD, entity: Event, op: Update, message: Error: Not Found"}
{"level":"error","message":"type: BDD, entity: Event, op: Create, message: TypeError: Cannot read properties of null (reading 'content')"}
{"level":"error","message":"type: BDD, entity: Event, op: Find, message: Event not found ({ id: -1 })"}
{"level":"error","message":"type: BDD, entity: Event, op: Create, message: TypeError: Cannot read properties of null (reading 'content')"}
{"level":"error","message":"type: BDD, entity: Event, op: Find, message: Event not found ({ id: -1 })"}
{"level":"error","message":"type: BDD, entity: User, op: Create, message: TypeError: Cannot read properties of null (reading 'email')"}
{"level":"error","message":"type: BDD, entity: User, op: Find, message: User not found ({ id: -1 })"}
{"level":"error","message":"type: BDD, entity: User, op: Create, message: UniqueConstraintViolationException: insert into `user` (`email`, `password`, `role`, `username`) values ('aa@aa', '!@pass', 'viewer', 'hello') - Duplicate entry 'hello' for key 'user.user_username_unique'"}
{"level":"error","message":"type: BDD, entity: Player, op: Create, message: TypeError: Cannot read properties of null (reading 'name')"}
{"level":"error","message":"type: BDD, entity: Player, op: Find, message: Player not found ({ id: -1 })"}
{"level":"error","message":"type: BDD, entity: User, op: Create, message: TypeError: Cannot read properties of null (reading 'email')"}
{"level":"error","message":"type: BDD, entity: User, op: Create, message: UniqueConstraintViolationException: insert into `user` (`email`, `password`, `role`, `username`) values ('aa@aa', '!@pass', 'viewer', 'hello') - Duplicate entry 'hello' for key 'user.user_username_unique'"}
{"level":"error","message":"type: BDD, entity: User, op: Find, message: User not found ({ id: -1 })"}
{"level":"error","message":"type: BDD, entity: User, op: Create, message: UniqueConstraintViolationException: insert into `user` (`email`, `password`, `role`, `username`) values ('aa@aa', '!@pass', 'viewer', 'hello') - Duplicate entry 'hello' for key 'user.user_username_unique'"}
{"level":"error","message":"type: BDD, entity: Event, op: Create, message: TypeError: Cannot read properties of null (reading 'content')"}
{"level":"error","message":"type: BDD, entity: Event, op: Find, message: Event not found ({ id: -1 })"}
{"level":"error","message":"type: BDD, entity: User, op: Create, message: TypeError: Cannot read properties of null (reading 'email')"}
{"level":"error","message":"type: BDD, entity: User, op: Find, message: User not found ({ id: -1 })"}
{"level":"error","message":"type: BDD, entity: User, op: Create, message: UniqueConstraintViolationException: insert into `user` (`email`, `password`, `role`, `username`) values ('aa@aa', '!@pass', 'viewer', 'hello') - Duplicate entry 'hello' for key 'user.user_username_unique'"}
{"level":"error","message":"type: BDD, entity: User, op: Create, message: UniqueConstraintViolationException: insert into `user` (`email`, `password`, `role`, `username`) values ('aa@aa', '!@pass', 'viewer', 'hello') - Duplicate entry 'hello' for key 'user.user_username_unique'"}
{"level":"error","message":"type: BDD, entity: Event, op: Create, message: TypeError: Cannot read properties of null (reading 'content')"}
{"level":"error","message":"type: BDD, entity: Event, op: Find, message: Event not found ({ id: -1 })"}
{"level":"error","message":"type: BDD, entity: User, op: Create, message: UniqueConstraintViolationException: insert into `user` (`email`, `password`, `role`, `username`) values ('aa@aa', '!@pass', 'viewer', 'hello') - Duplicate entry 'hello' for key 'user.user_username_unique'"}
{"level":"error","message":"type: BDD, entity: User, op: Create, message: UniqueConstraintViolationException: insert into `user` (`email`, `password`, `role`, `username`) values ('aa@aa', '!@pass', 'viewer', 'hello') - Duplicate entry 'hello' for key 'user.user_username_unique'"}
{"level":"error","message":"type: BDD, entity: User, op: Create, message: TypeError: Cannot read properties of null (reading 'email')"}
{"level":"error","message":"type: BDD, entity: Game, op: Create, message: TypeError: Cannot read properties of null (reading 'maxPlayers')"}
{"level":"error","message":"type: BDD, entity: User, op: Find, message: User not found ({ id: -1 })"}
{"level":"error","message":"type: BDD, entity: Game, op: Find, message: Game not found ({ id: -1 })"}
{"level":"error","message":"type: BDD, entity: User, op: Create, message: UniqueConstraintViolationException: insert into `user` (`email`, `password`, `role`, `username`) values ('aa@aa', '!@pass', 'viewer', 'hello') - Duplicate entry 'hello' for key 'user.user_username_unique'"}
{"level":"error","message":"type: BDD, entity: User, op: Create, message: UniqueConstraintViolationException: insert into `user` (`email`, `password`, `role`, `username`) values ('aa@aa', '!@pass', 'viewer', 'hello') - Duplicate entry 'hello' for key 'user.user_username_unique'"}
{"level":"error","message":"type: BDD, entity: User, op: Create, message: TypeError: Cannot read properties of null (reading 'email')"}
{"level":"error","message":"type: BDD, entity: Player, op: Create, message: TypeError: Cannot read properties of null (reading 'name')"}
{"level":"error","message":"type: BDD, entity: User, op: Find, message: User not found ({ id: -1 })"}
{"level":"error","message":"type: BDD, entity: Player, op: Find, message: Player not found ({ id: -1 })"}
{"level":"error","message":"type: BDD, entity: User, op: Create, message: UniqueConstraintViolationException: insert into `user` (`email`, `password`, `role`, `username`) values ('aa@aa', '!@pass', 'viewer', 'hello') - Duplicate entry 'hello' for key 'user.user_username_unique'"}
{"level":"error","message":"type: BDD, entity: User, op: Create, message: UniqueConstraintViolationException: insert into `user` (`email`, `password`, `role`, `username`) values ('aa@aa', '!@pass', 'viewer', 'hello') - Duplicate entry 'hello' for key 'user.user_username_unique'"}
{"level":"error","message":"type: BDD, entity: User, op: Create, message: TypeError: Cannot read properties of null (reading 'email')"}
{"level":"error","message":"type: BDD, entity: User, op: Find, message: User not found ({ id: -1 })"}
{"level":"error","message":"type: BDD, entity: Player, op: Create, message: TypeError: Cannot read properties of null (reading 'name')"}
{"level":"error","message":"type: BDD, entity: Player, op: Find, message: Player not found ({ id: -1 })"}
{"level":"error","message":"type: BDD, entity: User, op: Create, message: TypeError: Cannot read properties of null (reading 'email')"}
{"level":"error","message":"type: BDD, entity: User, op: Find, message: User not found ({ id: -1 })"}
{"level":"error","message":"type: BDD, entity: Player, op: Create, message: TypeError: Cannot read properties of null (reading 'name')"}
{"level":"error","message":"type: BDD, entity: Player, op: Find, message: Player not found ({ id: -1 })"}
{"level":"error","message":"type: BDD, entity: User, op: Create, message: UniqueConstraintViolationException: insert into `user` (`email`, `password`, `role`, `username`) values ('aa@aa', '!@pass', 'viewer', 'hello') - Duplicate entry 'hello' for key 'user.user_username_unique'"}
{"level":"error","message":"type: BDD, entity: Event, op: Create, message: TypeError: Cannot read properties of null (reading 'content')"}
{"level":"error","message":"type: BDD, entity: Event, op: Find, message: Event not found ({ id: -1 })"}
{"level":"error","message":"type: BDD, entity: User, op: Create, message: UniqueConstraintViolationException: insert into `user` (`email`, `password`, `role`, `username`) values ('aa@aa', '!@pass', 'viewer', 'hello') - Duplicate entry 'hello' for key 'user.user_username_unique'"}
{"level":"error","message":"type: BDD, entity: User, op: Create, message: UniqueConstraintViolationException: insert into `user` (`email`, `password`, `role`, `username`) values ('aa@aa', '!@pass', 'viewer', 'hello') - Duplicate entry 'hello' for key 'user.user_username_unique'"}
{"level":"error","message":"type: BDD, entity: User, op: Create, message: TypeError: Cannot read properties of null (reading 'email')"}
{"level":"error","message":"type: BDD, entity: User, op: Find, message: User not found ({ id: -1 })"}
{"level":"error","message":"type: BDD, entity: Event, op: Create, message: TypeError: Cannot read properties of null (reading 'content')"}
{"level":"error","message":"type: BDD, entity: Event, op: Find, message: Event not found ({ id: -1 })"}
{"level":"error","message":"type: BDD, entity: User, op: Create, message: UniqueConstraintViolationException: insert into `user` (`email`, `password`, `role`, `username`) values ('aa@aa', '!@pass', 'viewer', 'hello') - Duplicate entry 'hello' for key 'user.user_username_unique'"}
{"level":"error","message":"type: BDD, entity: User, op: Create, message: UniqueConstraintViolationException: insert into `user` (`email`, `password`, `role`, `username`) values ('aa@aa', '!@pass', 'viewer', 'hello') - Duplicate entry 'hello' for key 'user.user_username_unique'"}
{"level":"error","message":"type: BDD, entity: User, op: Create, message: TypeError: Cannot read properties of null (reading 'email')"}
{"level":"error","message":"type: BDD, entity: User, op: Find, message: User not found ({ id: -1 })"}
{"level":"error","message":"type: BDD, entity: Player, op: Create, message: TypeError: Cannot read properties of null (reading 'name')"}
{"level":"error","message":"type: BDD, entity: Player, op: Find, message: Player not found ({ id: -1 })"}
{"level":"error","message":"type: BDD, entity: User, op: Create, message: UniqueConstraintViolationException: insert into `user` (`email`, `password`, `role`, `username`) values ('aa@aa', '!@pass', 'viewer', 'hello') - Duplicate entry 'hello' for key 'user.user_username_unique'"}
{"level":"error","message":"type: BDD, entity: User, op: Create, message: UniqueConstraintViolationException: insert into `user` (`email`, `password`, `role`, `username`) values ('aa@aa', '!@pass', 'viewer', 'hello') - Duplicate entry 'hello' for key 'user.user_username_unique'"}
{"level":"error","message":"type: BDD, entity: User, op: Create, message: TypeError: Cannot read properties of null (reading 'email')"}
{"level":"error","message":"type: BDD, entity: User, op: Find, message: User not found ({ id: -1 })"}
{"level":"error","message":"type: BDD, entity: Event, op: Create, message: TypeError: Cannot read properties of null (reading 'content')"}
{"level":"error","message":"type: BDD, entity: Event, op: Find, message: Event not found ({ id: -1 })"}
{"level":"error","message":"type: BDD, entity: User, op: Create, message: TypeError: Cannot read properties of null (reading 'email')"}
{"level":"error","message":"type: BDD, entity: User, op: Find, message: User not found ({ id: -1 })"}
{"level":"error","message":"type: BDD, entity: Event, op: Create, message: TypeError: Cannot read properties of null (reading 'content')"}
{"level":"error","message":"type: BDD, entity: Event, op: Find, message: Event not found ({ id: -1 })"}
{"level":"error","message":"type: BDD, entity: Player, op: Create, message: TypeError: Cannot read properties of null (reading 'name')"}
{"level":"error","message":"type: BDD, entity: Game, op: Create, message: TypeError: Cannot read properties of null (reading 'maxPlayers')"}
{"level":"error","message":"type: BDD, entity: Player, op: Find, message: Player not found ({ id: -1 })"}
{"level":"error","message":"type: BDD, entity: Game, op: Find, message: Game not found ({ id: -1 })"}
{"level":"error","message":"type: BDD, entity: Buzz, op: Find, message: Buzz not found ({ id: -1 })"}
{"level":"error","message":"type: BDD, entity: Buzz, op: Create, message: TypeError: Cannot read properties of null (reading 'secret')"}
{"level":"error","message":"type: BDD, entity: Buzz, op: Find, message: Buzz not found ({ id: -1 })"}
{"level":"error","message":"type: BDD, entity: Buzz, op: Create, message: TypeError: Cannot read properties of null (reading 'secret')"}
{"level":"error","message":"type: BDD, entity: Buzz, op: Find, message: Buzz not found ({ id: -1 })"}
{"level":"error","message":"type: BDD, entity: User, op: Create, message: TypeError: Cannot read properties of null (reading 'email')"}
{"level":"error","message":"type: BDD, entity: User, op: Find, message: User not found ({ id: -1 })"}
{"level":"error","message":"type: BDD, entity: Game, op: Create, message: TypeError: Cannot read properties of null (reading 'maxPlayers')"}
{"level":"error","message":"type: BDD, entity: Game, op: Create, message: UniqueConstraintViolationException: insert into `game` (`code`, `elimination_delay_qty`, `elimination_delay_unity`, `event_interval_qty`, `event_interval_unity`, `max_players`, `owner_id`) values ('#6565', 100, 'h', 100, 'h', 2, 64) - Duplicate entry '#6565' for key 'game.game_code_unique'"}
{"level":"error","message":"type: BDD, entity: Game, op: Find, message: Game not found ({ id: -1 })"}
{"level":"error","message":"type: BDD, entity: Game, op: Create, message: UniqueConstraintViolationException: insert into `game` (`code`, `elimination_delay_qty`, `elimination_delay_unity`, `event_interval_qty`, `event_interval_unity`, `max_players`, `owner_id`) values ('#6565', 100, 'h', 100, 'h', 2, 59) - Duplicate entry '#6565' for key 'game.game_code_unique'"}
{"level":"error","message":"type: BDD, entity: Player, op: Create, message: TypeError: Cannot read properties of null (reading 'name')"}
{"level":"error","message":"type: BDD, entity: Player, op: Find, message: Player not found ({ id: -1 })"}
{"level":"error","message":"type: BDD, entity: User, op: Create, message: UniqueConstraintViolationException: insert into `user` (`email`, `password`, `role`, `username`) values ('aa@aa', '!@pass', 'viewer', 'hello') - Duplicate entry 'hello' for key 'user.user_username_unique'"}
{"level":"error","message":"type: BDD, entity: User, op: Create, message: TypeError: Cannot read properties of null (reading 'email')"}
{"level":"error","message":"type: BDD, entity: User, op: Find, message: User not found ({ id: -1 })"}
{"level":"error","message":"type: BDD, entity: Player, op: Create, message: TypeError: Cannot read properties of null (reading 'name')"}
{"level":"error","message":"type: BDD, entity: Player, op: Find, message: Player not found ({ id: -1 })"}
{"level":"error","message":"type: BDD, entity: Game, op: Create, message: TypeError: Cannot read properties of null (reading 'maxPlayers')"}
{"level":"error","message":"type: BDD, entity: Game, op: Find, message: Game not found ({ id: -1 })"}
{"level":"error","message":"type: BDD, entity: User, op: Create, message: UniqueConstraintViolationException: insert into `user` (`email`, `password`, `role`, `username`) values ('aa@aa123', '!@pass', 'viewer', 'hello123') - Duplicate entry 'hello123' for key 'user.user_username_unique'"}
{"level":"error","message":"type: BDD, entity: User, op: Create, message: TypeError: Cannot read properties of null (reading 'email')"}
{"level":"error","message":"type: BDD, entity: User, op: Find, message: User not found ({ id: -1 })"}
{"level":"error","message":"type: BDD, entity: Game, op: Create, message: UniqueConstraintViolationException: insert into `game` (`code`, `elimination_delay_qty`, `elimination_delay_unity`, `event_interval_qty`, `event_interval_unity`, `max_players`, `owner_id`) values ('#6565', 100, 'h', 100, 'h', 2, 74) - Duplicate entry '#6565' for key 'game.game_code_unique'"}
{"level":"error","message":"type: BDD, entity: Game, op: Create, message: TypeError: Cannot read properties of null (reading 'maxPlayers')"}
{"level":"error","message":"type: BDD, entity: Game, op: Create, message: UniqueConstraintViolationException: insert into `game` (`code`, `elimination_delay_qty`, `elimination_delay_unity`, `event_interval_qty`, `event_interval_unity`, `max_players`, `owner_id`) values ('#6565', 100, 'h', 100, 'h', 2, 75) - Duplicate entry '#6565' for key 'game.game_code_unique'"}
{"level":"error","message":"type: BDD, entity: Player, op: Create, message: TypeError: Cannot read properties of null (reading 'name')"}
{"level":"error","message":"type: BDD, entity: Game, op: Find, message: Game not found ({ id: -1 })"}
{"level":"error","message":"type: BDD, entity: Player, op: Find, message: Player not found ({ id: -1 })"}
{"level":"error","message":"type: BDD, entity: User, op: Create, message: TypeError: Cannot read properties of null (reading 'email')"}
{"level":"error","message":"type: BDD, entity: User, op: Create, message: UniqueConstraintViolationException: insert into `user` (`email`, `password`, `role`, `username`) values ('Buzz@Buzz1', '!@pass', 'viewer', 'Buzz1Username') - Duplicate entry 'Buzz1Username' for key 'user.user_username_unique'"}
{"level":"error","message":"type: BDD, entity: User, op: Create, message: UniqueConstraintViolationException: insert into `user` (`email`, `password`, `role`, `username`) values ('Event@Event', '!@pass', 'viewer', 'EventUsername') - Duplicate entry 'EventUsername' for key 'user.user_username_unique'"}
{"level":"error","message":"type: BDD, entity: User, op: Find, message: User not found ({ id: -1 })"}
{"level":"error","message":"type: BDD, entity: Player, op: Create, message: TypeError: Cannot read properties of null (reading 'name')"}
{"level":"error","message":"type: BDD, entity: Game, op: Create, message: TypeError: Cannot read properties of null (reading 'maxPlayers')"}
{"level":"error","message":"type: BDD, entity: Player, op: Find, message: Player not found ({ id: -1 })"}
{"level":"error","message":"type: BDD, entity: Game, op: Find, message: Game not found ({ id: -1 })"}
{"level":"error","message":"type: BDD, entity: User, op: Create, message: TypeError: Cannot read properties of null (reading 'email')"}
{"level":"error","message":"type: BDD, entity: User, op: Find, message: User not found ({ id: -1 })"}
{"level":"error","message":"type: BDD, entity: Game, op: Create, message: TypeError: Cannot read properties of null (reading 'maxPlayers')"}
{"level":"error","message":"type: BDD, entity: Game, op: Create, message: UniqueConstraintViolationException: insert into `game` (`code`, `elimination_delay_qty`, `elimination_delay_unity`, `event_interval_qty`, `event_interval_unity`, `max_players`, `owner_id`) values ('#6565', 100, 'h', 100, 'h', 2, 89) - Duplicate entry '#6565' for key 'game.game_code_unique'"}
{"level":"error","message":"type: BDD, entity: Game, op: Find, message: Game not found ({ id: -1 })"}
{"level":"error","message":"type: BDD, entity: Game, op: Create, message: UniqueConstraintViolationException: insert into `game` (`code`, `elimination_delay_qty`, `elimination_delay_unity`, `event_interval_qty`, `event_interval_unity`, `max_players`, `owner_id`) values ('#6565', 100, 'h', 100, 'h', 2, 87) - Duplicate entry '#6565' for key 'game.game_code_unique'"}
{"level":"error","message":"type: BDD, entity: Player, op: Create, message: TypeError: Cannot read properties of null (reading 'name')"}
{"level":"error","message":"type: BDD, entity: Event, op: Create, message: TypeError: Cannot read properties of null (reading 'content')"}
{"level":"error","message":"type: BDD, entity: Player, op: Find, message: Player not found ({ id: -1 })"}
{"level":"error","message":"type: BDD, entity: Event, op: Find, message: Event not found ({ id: -1 })"}
{"level":"error","message":"type: BDD, entity: User, op: Create, message: TypeError: Cannot read properties of null (reading 'email')"}
{"level":"error","message":"type: BDD, entity: User, op: Find, message: User not found ({ id: -1 })"}
{"level":"error","message":"type: BDD, entity: Player, op: Create, message: TypeError: Cannot read properties of null (reading 'name')"}
{"level":"error","message":"type: BDD, entity: Game, op: Create, message: TypeError: Cannot read properties of null (reading 'maxPlayers')"}
{"level":"error","message":"type: BDD, entity: Player, op: Find, message: Player not found ({ id: -1 })"}
{"level":"error","message":"type: BDD, entity: Game, op: Find, message: Game not found ({ id: -1 })"}
{"level":"error","message":"type: BDD, entity: Event, op: Create, message: TypeError: Cannot read properties of null (reading 'content')"}
{"level":"error","message":"type: BDD, entity: Event, op: Find, message: Event not found ({ id: -1 })"}
{"level":"error","message":"type: BDD, entity: Buzz, op: Create, message: TypeError: Cannot read properties of null (reading 'secret')"}
{"level":"error","message":"type: BDD, entity: Buzz, op: Find, message: Buzz not found ({ id: -1 })"}
{"level":"error","message":"type: BDD, entity: User, op: Create, message: TypeError: Cannot read properties of null (reading 'email')"}
{"level":"error","message":"type: BDD, entity: User, op: Find, message: User not found ({ id: -1 })"}
{"level":"error","message":"type: BDD, entity: Game, op: Create, message: TypeError: Cannot read properties of null (reading 'maxPlayers')"}
{"level":"error","message":"type: BDD, entity: Event, op: Create, message: TypeError: Cannot read properties of null (reading 'content')"}
{"level":"error","message":"type: BDD, entity: Player, op: Create, message: TypeError: Cannot read properties of null (reading 'name')"}
{"level":"error","message":"type: BDD, entity: Game, op: Find, message: Game not found ({ id: -1 })"}
{"level":"error","message":"type: BDD, entity: Player, op: Find, message: Player not found ({ id: -1 })"}
{"level":"error","message":"type: BDD, entity: Event, op: Find, message: Event not found ({ id: -1 })"}
{"level":"error","message":"type: BDD, entity: Buzz, op: Create, message: TypeError: Cannot read properties of null (reading 'secret')"}
{"level":"error","message":"type: BDD, entity: Buzz, op: Find, message: Buzz not found ({ id: -1 })"}
{"level":"error","message":"type: BDD, entity: User, op: Create, message: TypeError: Cannot read properties of null (reading 'email')"}
{"level":"error","message":"type: BDD, entity: User, op: Find, message: User not found ({ id: -1 })"}
{"level":"error","message":"type: BDD, entity: Game, op: Create, message: TypeError: Cannot read properties of null (reading 'maxPlayers')"}
{"level":"error","message":"type: BDD, entity: Game, op: Find, message: Game not found ({ id: -1 })"}
{"level":"error","message":"type: BDD, entity: Event, op: Create, message: TypeError: Cannot read properties of null (reading 'content')"}
{"level":"error","message":"type: BDD, entity: Event, op: Find, message: Event not found ({ id: -1 })"}
{"level":"error","message":"type: BDD, entity: Player, op: Create, message: TypeError: Cannot read properties of null (reading 'name')"}
{"level":"error","message":"type: BDD, entity: Player, op: Find, message: Player not found ({ id: -1 })"}
{"level":"error","message":"type: BDD, entity: Buzz, op: Create, message: TypeError: Cannot read properties of null (reading 'secret')"}
{"level":"error","message":"type: BDD, entity: Buzz, op: Find, message: Buzz not found ({ id: -1 })"}
{"level":"error","message":"type: BDD, entity: User, op: Create, message: TypeError: Cannot read properties of null (reading 'email')"}
{"level":"error","message":"type: BDD, entity: Player, op: Create, message: TypeError: Cannot read properties of null (reading 'name')"}
{"level":"error","message":"type: BDD, entity: Player, op: Find, message: Player not found ({ id: -1 })"}
{"level":"error","message":"type: BDD, entity: User, op: Find, message: User not found ({ id: -1 })"}
{"level":"error","message":"type: BDD, entity: Event, op: Create, message: TypeError: Cannot read properties of null (reading 'content')"}
{"level":"error","message":"type: BDD, entity: Game, op: Create, message: TypeError: Cannot read properties of null (reading 'maxPlayers')"}
{"level":"error","message":"type: BDD, entity: Event, op: Find, message: Event not found ({ id: -1 })"}
{"level":"error","message":"type: BDD, entity: Game, op: Find, message: Game not found ({ id: -1 })"}
{"level":"error","message":"type: BDD, entity: Buzz, op: Create, message: TypeError: Cannot read properties of null (reading 'secret')"}
{"level":"error","message":"type: BDD, entity: Buzz, op: Find, message: Buzz not found ({ id: -1 })"}
{"level":"error","message":"type: BDD, entity: Game, op: Create, message: TypeError: Cannot read properties of null (reading 'maxPlayers')"}
{"level":"error","message":"type: BDD, entity: Player, op: Create, message: TypeError: Cannot read properties of null (reading 'name')"}
{"level":"error","message":"type: BDD, entity: Player, op: Find, message: Player not found ({ id: -1 })"}
{"level":"error","message":"type: BDD, entity: Game, op: Find, message: Game not found ({ id: -1 })"}
{"level":"error","message":"type: BDD, entity: User, op: Create, message: TypeError: Cannot read properties of null (reading 'email')"}
{"level":"error","message":"type: BDD, entity: User, op: Find, message: User not found ({ id: -1 })"}
{"level":"error","message":"type: BDD, entity: Event, op: Create, message: TypeError: Cannot read properties of null (reading 'content')"}
{"level":"error","message":"type: BDD, entity: Event, op: Find, message: Event not found ({ id: -1 })"}
{"level":"error","message":"type: BDD, entity: Buzz, op: Create, message: TypeError: Cannot read properties of null (reading 'secret')"}
{"level":"error","message":"type: BDD, entity: Buzz, op: Find, message: Buzz not found ({ id: -1 })"}
{"level":"info","message":"type: Response, method: Get, url: /dummyUrl, message: "}
{"level":"info","message":"type: Response, method: Get, url: /dummyUrl, message: "}
{"level":"info","message":"type: Response, method: Get, url: /dummyUrl, message: "}
{"level":"info","message":"type: Response, method: Get, url: /dummyUrl, message: "}
{"level":"error","message":"type: Middleware, method: Get, url: undefined, message: Bad request"}
{"level":"error","message":"type: Middleware, method: Get, url: undefined, message: Some dumb error"}
{"level":"error","message":"type: Middleware, method: Get, url: undefined, message: Bad request"}
{"level":"error","message":"type: Middleware, method: Get, url: undefined, message: Some dumb error"}
{"level":"error","message":"type: BDD, entity: User, op: Create, message: TypeError: Cannot read properties of null (reading 'email')"}
{"level":"error","message":"type: BDD, entity: User, op: Find, message: User not found ({ id: -1 })"}
{"level":"error","message":"type: BDD, entity: Event, op: Create, message: TypeError: Cannot read properties of null (reading 'content')"}
{"level":"error","message":"type: BDD, entity: Event, op: Find, message: Event not found ({ id: -1 })"}
{"level":"error","message":"type: BDD, entity: Game, op: Create, message: TypeError: Cannot read properties of null (reading 'maxPlayers')"}
{"level":"error","message":"type: BDD, entity: Game, op: Find, message: Game not found ({ id: -1 })"}
{"level":"error","message":"type: BDD, entity: Player, op: Create, message: TypeError: Cannot read properties of null (reading 'name')"}
{"level":"error","message":"type: BDD, entity: Player, op: Find, message: Player not found ({ id: -1 })"}
{"level":"error","message":"type: BDD, entity: Buzz, op: Create, message: TypeError: Cannot read properties of null (reading 'secret')"}
{"level":"error","message":"type: BDD, entity: Buzz, op: Find, message: Buzz not found ({ id: -1 })"}
{"level":"error","message":"type: BDD, entity: User, op: Create, message: UniqueConstraintViolationException: insert into `user` (`email`, `password`, `role`, `username`) values ('dummy@email', '!@pass', 'viewer', 'AuthUsername') - Duplicate entry 'AuthUsername' for key 'user.user_username_unique'"}
{"level":"error","message":"type: BDD, entity: User, op: Create, message: UniqueConstraintViolationException: insert into `user` (`email`, `password`, `role`, `username`) values ('dummy@email', '!@pass', 'viewer', 'AuthUsername') - Duplicate entry 'AuthUsername' for key 'user.user_username_unique'"}
{"level":"error","message":"type: Middleware, method: Get, url: undefined, message: Bad request"}
{"level":"error","message":"type: Middleware, method: Get, url: undefined, message: Some dumb error"}
{"level":"error","message":"type: BDD, entity: User, op: Create, message: TypeError: Cannot read properties of null (reading 'email')"}
{"level":"error","message":"type: BDD, entity: User, op: Find, message: User not found ({ id: -1 })"}
{"level":"error","message":"type: BDD, entity: Event, op: Create, message: TypeError: Cannot read properties of null (reading 'content')"}
{"level":"error","message":"type: BDD, entity: Event, op: Find, message: Event not found ({ id: -1 })"}
{"level":"error","message":"type: BDD, entity: Buzz, op: Create, message: TypeError: Cannot read properties of null (reading 'secret')"}
{"level":"error","message":"type: BDD, entity: Buzz, op: Find, message: Buzz not found ({ id: -1 })"}
{"level":"error","message":"type: BDD, entity: Game, op: Create, message: TypeError: Cannot read properties of null (reading 'maxPlayers')"}
{"level":"error","message":"type: BDD, entity: Game, op: Find, message: Game not found ({ id: -1 })"}
{"level":"error","message":"type: BDD, entity: Player, op: Create, message: TypeError: Cannot read properties of null (reading 'name')"}
{"level":"error","message":"type: BDD, entity: Player, op: Find, message: Player not found ({ id: -1 })"}
{"level":"error","message":"type: Middleware, method: Get, url: undefined, message: Bad request"}
{"level":"error","message":"type: Middleware, method: Get, url: undefined, message: Some dumb error"}
{"level":"error","message":"type: BDD, entity: User, op: Create, message: TypeError: Cannot read properties of null (reading 'email')"}
{"level":"error","message":"type: BDD, entity: User, op: Find, message: User not found ({ id: -1 })"}
{"level":"error","message":"type: BDD, entity: Game, op: Create, message: TypeError: Cannot read properties of null (reading 'maxPlayers')"}
{"level":"error","message":"type: BDD, entity: Event, op: Create, message: TypeError: Cannot read properties of null (reading 'content')"}
{"level":"error","message":"type: BDD, entity: Game, op: Find, message: Game not found ({ id: -1 })"}
{"level":"error","message":"type: BDD, entity: Player, op: Create, message: TypeError: Cannot read properties of null (reading 'name')"}
{"level":"error","message":"type: BDD, entity: Event, op: Find, message: Event not found ({ id: -1 })"}
{"level":"error","message":"type: BDD, entity: Player, op: Find, message: Player not found ({ id: -1 })"}
{"level":"error","message":"type: BDD, entity: Buzz, op: Create, message: TypeError: Cannot read properties of null (reading 'secret')"}
{"level":"error","message":"type: BDD, entity: Buzz, op: Find, message: Buzz not found ({ id: -1 })"}
{"level":"error","message":"type: Middleware, method: GET, url: , message: Route Not Found"}
{"level":"error","message":"type: Middleware, method: POST, url: , message: this.handleMiddleWareError is not a function"}
{"level":"error","message":"type: Middleware, method: POST, url: , message: this.handleMiddleWareError is not a function"}
{"level":"error","message":"type: Middleware, method: POST, url: , message: this.handleMiddleWareError is not a function"}
{"level":"error","message":"type: Middleware, method: POST, url: , message: this.handleMiddleWareError is not a function"}
{"level":"error","message":"type: Middleware, method: POST, url: , message: Cannot set properties of undefined (setting 'dataToSend')"}
{"level":"error","message":"type: BDD, entity: User, op: Create, message: UniqueConstraintViolationException: insert into `user` (`email`, `password`, `role`, `username`) values ('hikarirom@gmail.com', 'HikariRom', 'viewer', 'HikariRom') - Duplicate entry 'HikariRom' for key 'user.user_username_unique'"}
{"level":"error","message":"type: Middleware, method: POST, url: , message: Wrong Data"}
{"level":"info","message":"type: Response, method: POST, url: /auth/register, message: Wrong Data"}
{"level":"error","message":"type: BDD, entity: User, op: Create, message: Error: connect ETIMEDOUT"}
{"level":"error","message":"type: Middleware, method: POST, url: , message: Wrong Data"}
{"level":"info","message":"type: Response, method: POST, url: /auth/register, message: Wrong Data"}
{"level":"error","message":"type: Middleware, method: POST, url: , message: Route Not Found"}
{"level":"info","message":"type: Response, method: POST, url: /auth/register, message: Route Not Found"}
{"level":"error","message":"type: BDD, entity: User, op: Create, message: UniqueConstraintViolationException: insert into \"user\" (\"email\", \"password\", \"role\", \"username\") values ('hikarirom@gmail.com', 'HikariRom', 'viewer', 'HikariRom') returning \"id\" - duplicate key value violates unique constraint \"user_username_unique\""}
{"level":"error","message":"type: Middleware, method: POST, url: , message: Wrong Data"}
{"level":"info","message":"type: Response, method: POST, url: /auth/register, message: Wrong Data"}
{"level":"error","message":"type: Middleware, method: POST, url: , message: Route Not Found"}
{"level":"info","message":"type: Response, method: POST, url: /auth/register, message: Route Not Found"}
{"level":"error","message":"type: Middleware, method: POST, url: , message: Route Not Found"}
{"level":"info","message":"type: Response, method: POST, url: /auth/register, message: Route Not Found"}
{"level":"info","message":"type: Response, method: POST, url: /auth/register, message: eyJhbGciOiJIUzI1NiIsInR5cCI6IkpXVCJ9.eyJlbWFpbCI6Imhpa2FyaXJvbUBnbWFpbC5jb20iLCJpZCI6NSwiaWF0IjoxNjU2NzgyNjY5LCJleHAiOjE2NTY4NjkwNjl9.-KVX_enx_rI6x-dGsgCz3Q4_rbSdhr512onUuOkvQb8"}
{"level":"error","message":"type: Middleware, method: Get, url: /dummyUrl, message: Bad request"}
{"level":"error","message":"type: Middleware, method: Get, url: /dummyUrl, message: Some dumb error"}
{"level":"error","message":"type: BDD, entity: User, op: Create, message: TypeError: Cannot read properties of null (reading 'email')"}
{"level":"error","message":"type: BDD, entity: User, op: Find, message: User not found ({ id: -1 })"}
{"level":"error","message":"type: BDD, entity: User, op: Create, message: TypeError: Cannot read properties of null (reading 'email')"}
{"level":"error","message":"type: BDD, entity: User, op: Find, message: User not found ({ id: -1 })"}
{"level":"error","message":"type: BDD, entity: User, op: Create, message: TypeError: Cannot read properties of null (reading 'email')"}
{"level":"error","message":"type: BDD, entity: User, op: Find, message: User not found ({ id: -1 })"}
{"level":"error","message":"type: BDD, entity: Buzz, op: Create, message: TypeError: Cannot read properties of null (reading 'secret')"}
{"level":"error","message":"type: BDD, entity: Buzz, op: Find, message: Buzz not found ({ id: -1 })"}
{"level":"error","message":"type: Middleware, method: Get, url: /dummyUrl, message: Bad request"}
{"level":"error","message":"type: Middleware, method: Get, url: /dummyUrl, message: Some dumb error"}
{"level":"error","message":"type: BDD, entity: User, op: Create, message: TypeError: Cannot read properties of null (reading 'email')"}
{"level":"error","message":"type: BDD, entity: Game, op: Create, message: TypeError: Cannot read properties of null (reading 'maxPlayers')"}
{"level":"error","message":"type: BDD, entity: User, op: Find, message: User not found ({ id: -1 })"}
{"level":"error","message":"type: BDD, entity: Game, op: Find, message: Game not found ({ id: -1 })"}
{"level":"error","message":"type: BDD, entity: Player, op: Create, message: TypeError: Cannot read properties of null (reading 'name')"}
{"level":"error","message":"type: BDD, entity: Player, op: Find, message: Player not found ({ id: -1 })"}
{"level":"error","message":"type: BDD, entity: Event, op: Create, message: TypeError: Cannot read properties of null (reading 'content')"}
{"level":"error","message":"type: BDD, entity: Event, op: Find, message: Event not found ({ id: -1 })"}
{"level":"error","message":"type: BDD, entity: Buzz, op: Create, message: TypeError: Cannot read properties of null (reading 'secret')"}
{"level":"error","message":"type: BDD, entity: Buzz, op: Find, message: Buzz not found ({ id: -1 })"}
{"level":"info","message":"type: Response, method: POST, url: /auth/register, message: eyJhbGciOiJIUzI1NiIsInR5cCI6IkpXVCJ9.eyJlbWFpbCI6Imhpa2FyaXJvbUBnbWFpbC5jb20iLCJpZCI6MjYsImlhdCI6MTY1Njc4NDgxOSwiZXhwIjoxNjU2ODcxMjE5fQ.GdiSKT9IaWF7vMiXHiznUBii-QFXkF0-UcQLuEMPaPI"}
{"level":"info","message":"type: Response, method: OPTIONS, url: /register, message: "}
{"level":"info","message":"type: Response, method: OPTIONS, url: /register, message: "}
{"level":"error","message":"type: Middleware, method: OPTIONS, url: /register, message: Route Not Found"}
{"level":"info","message":"type: Response, method: OPTIONS, url: /register, message: Route Not Found"}
{"level":"error","message":"type: Middleware, method: OPTIONS, url: /register, message: Route Not Found"}
{"level":"info","message":"type: Response, method: OPTIONS, url: /register, message: Route Not Found"}
{"level":"error","message":"type: Middleware, method: OPTIONS, url: /register, message: Route Not Found"}
{"level":"info","message":"type: Response, method: OPTIONS, url: /register, message: Route Not Found"}
{"level":"error","message":"type: Middleware, method: POST, url: /register, message: Route Not Found"}
{"level":"info","message":"type: Response, method: POST, url: /register, message: Route Not Found"}
{"level":"error","message":"type: BDD, entity: User, op: Create, message: UniqueConstraintViolationException: insert into \"user\" (\"email\", \"password\", \"role\", \"username\") values ('sss', 'ss', 'viewer', 'sss') returning \"id\" - duplicate key value violates unique constraint \"user_username_unique\""}
{"level":"error","message":"type: Middleware, method: POST, url: /auth/register, message: Wrong Data"}
{"level":"info","message":"type: Response, method: POST, url: /auth/register, message: Wrong Data"}
{"level":"error","message":"type: BDD, entity: User, op: Create, message: UniqueConstraintViolationException: insert into \"user\" (\"email\", \"password\", \"role\", \"username\") values ('ddd', 'ddd', 'viewer', 'ddd') returning \"id\" - duplicate key value violates unique constraint \"user_username_unique\""}
{"level":"error","message":"type: Middleware, method: POST, url: /auth/register, message: Wrong Data"}
{"level":"info","message":"type: Response, method: POST, url: /auth/register, message: Wrong Data"}
{"level":"info","message":"type: Response, method: POST, url: /auth/register, message: eyJhbGciOiJIUzI1NiIsInR5cCI6IkpXVCJ9.eyJlbWFpbCI6ImRkZGRkZGRkIiwiaWQiOjM3LCJpYXQiOjE2NTY4NTYzNjgsImV4cCI6MTY1Njk0Mjc2OH0.IRRo3WewhQ8F74Wv-CSB5PL5jIgDCaP9whTd01vW0Bg"}
{"level":"info","message":"type: Response, method: POST, url: /auth/register, message: \"eyJhbGciOiJIUzI1NiIsInR5cCI6IkpXVCJ9.eyJlbWFpbCI6ImZmZiIsImlkIjozOCwiaWF0IjoxNjU2ODU2NDY3LCJleHAiOjE2NTY5NDI4Njd9.DhH_bn_KqplqcDxrB9LO2DZ7tHevU_4FDq6s5G-5nF4\""}
{"level":"info","message":"type: Response, method: POST, url: /auth/register, message: \"eyJhbGciOiJIUzI1NiIsInR5cCI6IkpXVCJ9.eyJlbWFpbCI6ImZmZmZmZmZmZmZmZmZmIiwiaWQiOjM5LCJpYXQiOjE2NTY4NTY1MDEsImV4cCI6MTY1Njk0MjkwMX0.7iXgbkk0JxL-nrmO2C8C_OptdEH7L5SLzTNFrtrGrsE\""}
{"level":"info","message":"type: Response, method: POST, url: /auth/register, message: \"eyJhbGciOiJIUzI1NiIsInR5cCI6IkpXVCJ9.eyJlbWFpbCI6ImRkZGQiLCJpZCI6NDAsImlhdCI6MTY1Njg1NjU2OCwiZXhwIjoxNjU2OTQyOTY4fQ.dNIOo-dH-IB5Td416lOTS_qos4QPmCFUnoPfKJ5i0HY\""}
{"level":"error","message":"type: Middleware, method: POST, url: /games, message: Need an authorization token"}
{"level":"info","message":"type: Response, method: POST, url: /games, message: \"Need an authorization token\""}
{"level":"error","message":"type: Middleware, method: POST, url: /games, message: Need an authorization token"}
{"level":"info","message":"type: Response, method: POST, url: /games, message: \"Need an authorization token\""}
{"level":"error","message":"type: Middleware, method: POST, url: /games, message: Access Denied"}
{"level":"info","message":"type: Response, method: POST, url: /games, message: \"Access Denied\""}
{"level":"info","message":"type: Response, method: POST, url: /auth/register, message: \"eyJhbGciOiJIUzI1NiIsInR5cCI6IkpXVCJ9.eyJlbWFpbCI6ImFhIiwiaWQiOjQxLCJpYXQiOjE2NTY4NTgzODgsImV4cCI6MTY1Njk0NDc4OH0.QB7yX3LKOxjmjggHAZiVmInfHY_uVFBgHNiDW37q2wM\""}
{"level":"error","message":"type: Middleware, method: POST, url: /games, message: Access Denied"}
{"level":"info","message":"type: Response, method: POST, url: /games, message: \"Access Denied\""}
{"level":"error","message":"type: Middleware, method: POST, url: /games, message: Access Denied"}
{"level":"info","message":"type: Response, method: POST, url: /games, message: \"Access Denied\""}
{"level":"info","message":"type: Response, method: POST, url: /auth/login, message: \"eyJhbGciOiJIUzI1NiIsInR5cCI6IkpXVCJ9.eyJlbWFpbCI6ImFhIiwiaWQiOjQxLCJpYXQiOjE2NTY4NTg1NTUsImV4cCI6MTY1Njk0NDk1NX0.LW1BlrU8J8uXjCZ1076MYA7ybyW5Zhb25kNlM7sBkXs\""}
{"level":"info","message":"type: Response, method: POST, url: /games, message: \"#5ET3RQ\""}
{"level":"error","message":"type: Middleware, method: POST, url: /games, message: Access Denied"}
{"level":"info","message":"type: Response, method: POST, url: /games, message: \"Access Denied\""}
{"level":"info","message":"type: Response, method: POST, url: /auth/login, message: \"eyJhbGciOiJIUzI1NiIsInR5cCI6IkpXVCJ9.eyJlbWFpbCI6ImFhIiwiaWQiOjQxLCJpYXQiOjE2NTY4NjAwNjQsImV4cCI6MTY1Njk0NjQ2NH0._vz9f3HXRw5pTLR93cMNQvQdxIKVeyGwBh2hf3joJnM\""}
{"level":"info","message":"type: Response, method: POST, url: /games, message: \"#5FPD71\""}
{"level":"info","message":"type: Response, method: POST, url: /players, message: {\"id\":11,\"jackpot\":10000,\"avatar\":\"\",\"isReady\":false,\"isBuzzed\":false,\"canBuzz\":true,\"canBeBuzzed\":true,\"isNominated\":false,\"isEliminated\":false,\"secretDiscovered\":false,\"name\":\"Vincent\",\"secret\":\"J'aime les pates\",\"user\":{\"id\":41,\"username\":\"aa\",\"email\":\"aa\",\"password\":\"aa\",\"profilePic\":null,\"role\":\"viewer\"},\"game\":{\"id\":12,\"maxPlayers\":2,\"startDate\":null,\"endDate\":null,\"eventIntervalQty\":222,\"eventIntervalUnity\":\"h\",\"eliminationDelayQty\":30,\"code\":\"#5FPD71\",\"eliminationDelayUnity\":\"h\",\"owner\":{\"id\":41,\"username\":\"aa\",\"email\":\"aa\",\"password\":\"aa\",\"profilePic\":null,\"role\":\"viewer\"}},\"gender\":\"male\"}"}
{"level":"error","message":"type: Middleware, method: GET, url: /players, message: Route Not Found"}
{"level":"info","message":"type: Response, method: GET, url: /players, message: \"Route Not Found\""}
{"level":"error","message":"type: Middleware, method: POST, url: /games, message: Access Denied"}
{"level":"info","message":"type: Response, method: POST, url: /games, message: \"Access Denied\""}
{"level":"info","message":"type: Response, method: POST, url: /auth/login, message: \"eyJhbGciOiJIUzI1NiIsInR5cCI6IkpXVCJ9.eyJlbWFpbCI6ImFhIiwiaWQiOjQxLCJpYXQiOjE2NTY4NjAyNDAsImV4cCI6MTY1Njk0NjY0MH0.gTVC63Gggz0y5mPcjh7iVqMQKUO85ngVETk6ticGyMI\""}
{"level":"info","message":"type: Response, method: POST, url: /games, message: \"#5FT4P3\""}
{"level":"info","message":"type: Response, method: POST, url: /players, message: {\"id\":12,\"jackpot\":10000,\"avatar\":\"\",\"isReady\":false,\"isBuzzed\":false,\"canBuzz\":true,\"canBeBuzzed\":true,\"isNominated\":false,\"isEliminated\":false,\"secretDiscovered\":false,\"name\":\"Vincent\",\"secret\":\"J'aime les pates au truffes\",\"user\":{\"id\":41,\"username\":\"aa\",\"email\":\"aa\",\"password\":\"aa\",\"profilePic\":null,\"role\":\"viewer\"},\"game\":{\"id\":13,\"maxPlayers\":2,\"startDate\":null,\"endDate\":null,\"eventIntervalQty\":222,\"eventIntervalUnity\":\"h\",\"eliminationDelayQty\":30,\"code\":\"#5FT4P3\",\"eliminationDelayUnity\":\"h\",\"owner\":{\"id\":41,\"username\":\"aa\",\"email\":\"aa\",\"password\":\"aa\",\"profilePic\":null,\"role\":\"viewer\"}},\"gender\":\"male\"}"}
{"level":"error","message":"type: Middleware, method: GET, url: /players, message: Route Not Found"}
{"level":"info","message":"type: Response, method: GET, url: /players, message: \"Route Not Found\""}
{"level":"error","message":"type: Middleware, method: GET, url: /players, message: Route Not Found"}
{"level":"info","message":"type: Response, method: GET, url: /players, message: \"Route Not Found\""}
{"level":"error","message":"type: Middleware, method: GET, url: /players, message: Route Not Found"}
{"level":"info","message":"type: Response, method: GET, url: /players, message: \"Route Not Found\""}
{"level":"info","message":"type: Response, method: POST, url: /auth/login, message: \"eyJhbGciOiJIUzI1NiIsInR5cCI6IkpXVCJ9.eyJlbWFpbCI6ImFhIiwiaWQiOjQxLCJpYXQiOjE2NTY4NjAzODMsImV4cCI6MTY1Njk0Njc4M30.38U7Q65xASwnpCQnWt_OOwf2DQfnVzCpiV69gxj_Lc4\""}
{"level":"info","message":"type: Response, method: POST, url: /games, message: \"#5FW7AF\""}
{"level":"info","message":"type: Response, method: POST, url: /players, message: {\"id\":13,\"jackpot\":10000,\"avatar\":\"\",\"isReady\":false,\"isBuzzed\":false,\"canBuzz\":true,\"canBeBuzzed\":true,\"isNominated\":false,\"isEliminated\":false,\"secretDiscovered\":false,\"name\":\"Vincent\",\"secret\":\"J'aime les pates\",\"user\":{\"id\":41,\"username\":\"aa\",\"email\":\"aa\",\"password\":\"aa\",\"profilePic\":null,\"role\":\"viewer\"},\"game\":{\"id\":14,\"maxPlayers\":2,\"startDate\":null,\"endDate\":null,\"eventIntervalQty\":222,\"eventIntervalUnity\":\"h\",\"eliminationDelayQty\":30,\"code\":\"#5FW7AF\",\"eliminationDelayUnity\":\"h\",\"owner\":{\"id\":41,\"username\":\"aa\",\"email\":\"aa\",\"password\":\"aa\",\"profilePic\":null,\"role\":\"viewer\"}},\"gender\":\"male\"}"}
{"level":"error","message":"type: Middleware, method: GET, url: /players, message: Route Not Found"}
{"level":"info","message":"type: Response, method: GET, url: /players, message: \"Route Not Found\""}
{"level":"error","message":"type: Middleware, method: GET, url: /players, message: Route Not Found"}
{"level":"info","message":"type: Response, method: GET, url: /players, message: \"Route Not Found\""}
{"level":"error","message":"type: Middleware, method: GET, url: /players, message: Route Not Found"}
{"level":"info","message":"type: Response, method: GET, url: /players, message: \"Route Not Found\""}
{"level":"error","message":"type: Middleware, method: GET, url: /players, message: Route Not Found"}
{"level":"info","message":"type: Response, method: GET, url: /players, message: \"Route Not Found\""}
{"level":"error","message":"type: Middleware, method: GET, url: /players, message: Route Not Found"}
{"level":"info","message":"type: Response, method: GET, url: /players, message: \"Route Not Found\""}
{"level":"info","message":"type: Response, method: POST, url: /auth/login, message: \"eyJhbGciOiJIUzI1NiIsInR5cCI6IkpXVCJ9.eyJlbWFpbCI6ImFhIiwiaWQiOjQxLCJpYXQiOjE2NTY4NjQ0MjUsImV4cCI6MTY1Njk1MDgyNX0._kLregdp5GHhVMvv73CGbeKkC_bjJVaLx9uMZvl2nqA\""}
{"level":"info","message":"type: Response, method: POST, url: /games, message: \"#5IATL4\""}
{"level":"info","message":"type: Response, method: POST, url: /auth/login, message: \"eyJhbGciOiJIUzI1NiIsInR5cCI6IkpXVCJ9.eyJlbWFpbCI6ImFhIiwiaWQiOjQxLCJpYXQiOjE2NTY4NjUxMzAsImV4cCI6MTY1Njk1MTUzMH0.mDPRyibxVtezDkQg1CsgpiJDoSqVZ25P8UPUoLgCxtU\""}
{"level":"info","message":"type: Response, method: POST, url: /games, message: \"#5IPXPA\""}
{"level":"info","message":"type: Response, method: POST, url: /players, message: {\"id\":14,\"jackpot\":10000,\"avatar\":\"\",\"isReady\":false,\"isBuzzed\":false,\"canBuzz\":true,\"canBeBuzzed\":true,\"isNominated\":false,\"isEliminated\":false,\"secretDiscovered\":false,\"name\":\"Vincent\",\"secret\":\"J'aime les pates\",\"user\":{\"id\":41,\"username\":\"aa\",\"email\":\"aa\",\"password\":\"aa\",\"profilePic\":null,\"role\":\"viewer\"},\"game\":{\"id\":16,\"maxPlayers\":2,\"startDate\":null,\"endDate\":null,\"eventIntervalQty\":222,\"eventIntervalUnity\":\"h\",\"eliminationDelayQty\":30,\"code\":\"#5IPXPA\",\"eliminationDelayUnity\":\"h\",\"owner\":{\"id\":41,\"username\":\"aa\",\"email\":\"aa\",\"password\":\"aa\",\"profilePic\":null,\"role\":\"viewer\"}},\"gender\":\"male\"}"}
{"level":"error","message":"type: Middleware, method: GET, url: /players, message: Route Not Found"}
{"level":"info","message":"type: Response, method: GET, url: /players, message: \"Route Not Found\""}
{"level":"info","message":"type: Response, method: POST, url: /auth/login, message: \"eyJhbGciOiJIUzI1NiIsInR5cCI6IkpXVCJ9.eyJlbWFpbCI6ImFhIiwiaWQiOjQxLCJpYXQiOjE2NTY4NjU1NTUsImV4cCI6MTY1Njk1MTk1NX0.GuShHWFM1COugPMwzzgpsQ70QN5Fty_pQZajUDry8tI\""}
{"level":"info","message":"type: Response, method: POST, url: /games, message: \"#5IZ1IW\""}
{"level":"info","message":"type: Response, method: POST, url: /games, message: \"#5IZ1N6\""}
{"level":"info","message":"type: Response, method: POST, url: /players, message: {\"id\":15,\"jackpot\":10000,\"avatar\":\"\",\"isReady\":false,\"isBuzzed\":false,\"canBuzz\":true,\"canBeBuzzed\":true,\"isNominated\":false,\"isEliminated\":false,\"secretDiscovered\":false,\"name\":\"Vincent\",\"secret\":\"J'aime les pates\",\"user\":{\"id\":41,\"username\":\"aa\",\"email\":\"aa\",\"password\":\"aa\",\"profilePic\":null,\"role\":\"viewer\"},\"game\":{\"id\":18,\"maxPlayers\":2,\"startDate\":null,\"endDate\":null,\"eventIntervalQty\":222,\"eventIntervalUnity\":\"h\",\"eliminationDelayQty\":30,\"code\":\"#5IZ1N6\",\"eliminationDelayUnity\":\"h\",\"owner\":{\"id\":41,\"username\":\"aa\",\"email\":\"aa\",\"password\":\"aa\",\"profilePic\":null,\"role\":\"viewer\"}},\"gender\":\"male\"}"}
{"level":"error","message":"type: Middleware, method: GET, url: /players, message: Route Not Found"}
{"level":"info","message":"type: Response, method: GET, url: /players, message: \"Route Not Found\""}
{"level":"error","message":"type: Middleware, method: GET, url: /players, message: Route Not Found"}
{"level":"info","message":"type: Response, method: GET, url: /players, message: \"Route Not Found\""}
{"level":"error","message":"type: Middleware, method: GET, url: /players, message: Route Not Found"}
{"level":"info","message":"type: Response, method: GET, url: /players, message: \"Route Not Found\""}
{"level":"error","message":"type: Middleware, method: GET, url: /rooms, message: Route Not Found"}
{"level":"info","message":"type: Response, method: GET, url: /rooms, message: \"Route Not Found\""}
{"level":"error","message":"type: Middleware, method: GET, url: /players, message: Route Not Found"}
{"level":"info","message":"type: Response, method: GET, url: /players, message: \"Route Not Found\""}
{"level":"error","message":"type: Middleware, method: GET, url: /currentPlayer, message: Route Not Found"}
{"level":"info","message":"type: Response, method: GET, url: /currentPlayer, message: \"Route Not Found\""}
{"level":"error","message":"type: Middleware, method: GET, url: /players, message: Route Not Found"}
{"level":"info","message":"type: Response, method: GET, url: /players, message: \"Route Not Found\""}
{"level":"error","message":"type: Middleware, method: GET, url: /rooms, message: Route Not Found"}
{"level":"info","message":"type: Response, method: GET, url: /rooms, message: \"Route Not Found\""}
{"level":"error","message":"type: Middleware, method: GET, url: /rooms, message: Route Not Found"}
{"level":"info","message":"type: Response, method: GET, url: /rooms, message: \"Route Not Found\""}
{"level":"error","message":"type: Middleware, method: GET, url: /rooms, message: Route Not Found"}
{"level":"info","message":"type: Response, method: GET, url: /rooms, message: \"Route Not Found\""}
{"level":"error","message":"type: Middleware, method: GET, url: /players, message: Route Not Found"}
{"level":"info","message":"type: Response, method: GET, url: /players, message: \"Route Not Found\""}
{"level":"error","message":"type: Middleware, method: GET, url: /players, message: Route Not Found"}
{"level":"info","message":"type: Response, method: GET, url: /players, message: \"Route Not Found\""}
{"level":"error","message":"type: Middleware, method: GET, url: /players, message: Route Not Found"}
{"level":"info","message":"type: Response, method: GET, url: /players, message: \"Route Not Found\""}
{"level":"error","message":"type: Middleware, method: GET, url: /players, message: Route Not Found"}
{"level":"info","message":"type: Response, method: GET, url: /players, message: \"Route Not Found\""}
{"level":"error","message":"type: Middleware, method: GET, url: /rooms, message: Route Not Found"}
{"level":"info","message":"type: Response, method: GET, url: /rooms, message: \"Route Not Found\""}
{"level":"error","message":"type: Middleware, method: GET, url: /players, message: Route Not Found"}
{"level":"info","message":"type: Response, method: GET, url: /players, message: \"Route Not Found\""}
{"level":"error","message":"type: Middleware, method: GET, url: /players, message: Route Not Found"}
{"level":"info","message":"type: Response, method: GET, url: /players, message: \"Route Not Found\""}
{"level":"error","message":"type: Middleware, method: GET, url: /rooms, message: Route Not Found"}
{"level":"info","message":"type: Response, method: GET, url: /rooms, message: \"Route Not Found\""}
{"level":"error","message":"type: Middleware, method: GET, url: /players, message: Route Not Found"}
{"level":"info","message":"type: Response, method: GET, url: /players, message: \"Route Not Found\""}
{"level":"error","message":"type: Middleware, method: GET, url: /players, message: Route Not Found"}
{"level":"info","message":"type: Response, method: GET, url: /players, message: \"Route Not Found\""}
{"level":"error","message":"type: Middleware, method: GET, url: /rooms, message: Route Not Found"}
{"level":"info","message":"type: Response, method: GET, url: /rooms, message: \"Route Not Found\""}
{"level":"error","message":"type: Middleware, method: GET, url: /rooms, message: Route Not Found"}
{"level":"info","message":"type: Response, method: GET, url: /rooms, message: \"Route Not Found\""}
{"level":"error","message":"type: Middleware, method: GET, url: /players, message: Route Not Found"}
{"level":"info","message":"type: Response, method: GET, url: /players, message: \"Route Not Found\""}
{"level":"error","message":"type: Middleware, method: GET, url: /players, message: Route Not Found"}
{"level":"info","message":"type: Response, method: GET, url: /players, message: \"Route Not Found\""}
{"level":"error","message":"type: Middleware, method: GET, url: /players, message: Route Not Found"}
{"level":"info","message":"type: Response, method: GET, url: /players, message: \"Route Not Found\""}
{"level":"error","message":"type: Middleware, method: GET, url: /rooms, message: Route Not Found"}
{"level":"info","message":"type: Response, method: GET, url: /rooms, message: \"Route Not Found\""}
{"level":"error","message":"type: Middleware, method: GET, url: /rooms, message: Route Not Found"}
{"level":"info","message":"type: Response, method: GET, url: /rooms, message: \"Route Not Found\""}
{"level":"error","message":"type: Middleware, method: GET, url: /rooms, message: Route Not Found"}
{"level":"info","message":"type: Response, method: GET, url: /rooms, message: \"Route Not Found\""}
{"level":"error","message":"type: Middleware, method: GET, url: /rooms, message: Route Not Found"}
{"level":"info","message":"type: Response, method: GET, url: /rooms, message: \"Route Not Found\""}
{"level":"error","message":"type: Middleware, method: GET, url: /players, message: Route Not Found"}
{"level":"info","message":"type: Response, method: GET, url: /players, message: \"Route Not Found\""}
{"level":"error","message":"type: Middleware, method: GET, url: /players, message: Route Not Found"}
{"level":"info","message":"type: Response, method: GET, url: /players, message: \"Route Not Found\""}
{"level":"error","message":"type: Middleware, method: GET, url: /players, message: Route Not Found"}
{"level":"info","message":"type: Response, method: GET, url: /players, message: \"Route Not Found\""}
{"level":"error","message":"type: Middleware, method: GET, url: /players, message: Route Not Found"}
{"level":"info","message":"type: Response, method: GET, url: /players, message: \"Route Not Found\""}
{"level":"error","message":"type: Middleware, method: GET, url: /players, message: Route Not Found"}
{"level":"info","message":"type: Response, method: GET, url: /players, message: \"Route Not Found\""}
{"level":"error","message":"type: Middleware, method: GET, url: /players, message: Route Not Found"}
{"level":"info","message":"type: Response, method: GET, url: /players, message: \"Route Not Found\""}
{"level":"error","message":"type: Middleware, method: GET, url: /players, message: Route Not Found"}
{"level":"info","message":"type: Response, method: GET, url: /players, message: \"Route Not Found\""}
{"level":"error","message":"type: Middleware, method: GET, url: /players, message: Route Not Found"}
{"level":"info","message":"type: Response, method: GET, url: /players, message: \"Route Not Found\""}
{"level":"error","message":"type: Middleware, method: GET, url: /players, message: Route Not Found"}
{"level":"info","message":"type: Response, method: GET, url: /players, message: \"Route Not Found\""}
{"level":"error","message":"type: Middleware, method: GET, url: /players, message: Route Not Found"}
{"level":"info","message":"type: Response, method: GET, url: /players, message: \"Route Not Found\""}
