{"level":"error","message":"type: Middleware, method: POST, url: , message: Route Not Found"}
{"level":"error","message":"type: Middleware, method: Get, url: /dummyUrl, message: Bad request"}
{"level":"error","message":"type: Middleware, method: Get, url: /dummyUrl, message: Some dumb error"}
{"level":"error","message":"type: BDD, entity: User, op: Create, message: TypeError: Cannot read properties of null (reading 'email')"}
{"level":"error","message":"type: BDD, entity: User, op: Find, message: User not found ({ id: -1 })"}
{"level":"error","message":"type: BDD, entity: User, op: Create, message: TypeError: Cannot read properties of null (reading 'email')"}
{"level":"error","message":"type: BDD, entity: User, op: Find, message: User not found ({ id: -1 })"}
{"level":"error","message":"type: BDD, entity: User, op: Create, message: TypeError: Cannot read properties of null (reading 'email')"}
{"level":"error","message":"type: BDD, entity: User, op: Find, message: User not found ({ id: -1 })"}
{"level":"error","message":"type: BDD, entity: Buzz, op: Create, message: TypeError: Cannot read properties of null (reading 'secret')"}
{"level":"error","message":"type: BDD, entity: Buzz, op: Find, message: Buzz not found ({ id: -1 })"}
{"level":"error","message":"type: Middleware, method: Get, url: /dummyUrl, message: Bad request"}
{"level":"error","message":"type: Middleware, method: Get, url: /dummyUrl, message: Some dumb error"}
{"level":"error","message":"type: BDD, entity: User, op: Create, message: TypeError: Cannot read properties of null (reading 'email')"}
{"level":"error","message":"type: BDD, entity: Game, op: Create, message: TypeError: Cannot read properties of null (reading 'maxPlayers')"}
{"level":"error","message":"type: BDD, entity: User, op: Find, message: User not found ({ id: -1 })"}
{"level":"error","message":"type: BDD, entity: Game, op: Find, message: Game not found ({ id: -1 })"}
{"level":"error","message":"type: BDD, entity: Player, op: Create, message: TypeError: Cannot read properties of null (reading 'name')"}
{"level":"error","message":"type: BDD, entity: Player, op: Find, message: Player not found ({ id: -1 })"}
{"level":"error","message":"type: BDD, entity: Event, op: Create, message: TypeError: Cannot read properties of null (reading 'content')"}
{"level":"error","message":"type: BDD, entity: Event, op: Find, message: Event not found ({ id: -1 })"}
{"level":"error","message":"type: BDD, entity: Buzz, op: Create, message: TypeError: Cannot read properties of null (reading 'secret')"}
{"level":"error","message":"type: BDD, entity: Buzz, op: Find, message: Buzz not found ({ id: -1 })"}
